# JRE version: Java(TM) SE Runtime Environment (8.0_221-b11) (build 1.8.0_221-b11)
# Java VM: Java HotSpot(TM) 64-Bit Server VM (25.221-b11 mixed mode windows-amd64 compressed oops)
Heap:
 PSYoungGen      total 41984K, used 28615K [0x00000000d5d80000, 0x00000000d9100000, 0x0000000100000000)
  eden space 32256K, 77% used [0x00000000d5d80000,0x00000000d75d9650,0x00000000d7d00000)
  from space 9728K, 37% used [0x00000000d8780000,0x00000000d8b18808,0x00000000d9100000)
  to   space 10240K, 0% used [0x00000000d7d00000,0x00000000d7d00000,0x00000000d8700000)
 ParOldGen       total 47104K, used 9711K [0x0000000081800000, 0x0000000084600000, 0x00000000d5d80000)
  object space 47104K, 20% used [0x0000000081800000,0x000000008217bfb0,0x0000000084600000)
 Metaspace       used 25415K, capacity 26698K, committed 26880K, reserved 1073152K
  class space    used 3565K, capacity 3829K, committed 3840K, reserved 1048576K
GC Heap History (10 events):
Event: 20.876 GC heap before
{Heap before GC invocations=3 (full 0):
 PSYoungGen      total 38400K, used 37863K [0x00000000d5d80000, 0x00000000d8800000, 0x0000000100000000)
  eden space 33280K, 100% used [0x00000000d5d80000,0x00000000d7e00000,0x00000000d7e00000)
  from space 5120K, 89% used [0x00000000d8300000,0x00000000d8779f98,0x00000000d8800000)
  to   space 5120K, 0% used [0x00000000d7e00000,0x00000000d7e00000,0x00000000d8300000)
 ParOldGen       total 87552K, used 80K [0x0000000081800000, 0x0000000086d80000, 0x00000000d5d80000)
  object space 87552K, 0% used [0x0000000081800000,0x0000000081814010,0x0000000086d80000)
 Metaspace       used 14667K, capacity 15168K, committed 15488K, reserved 1062912K
  class space    used 1949K, capacity 2110K, committed 2176K, reserved 1048576K
Event: 20.911 GC heap after
Heap after GC invocations=3 (full 0):
 PSYoungGen      total 38400K, used 5098K [0x00000000d5d80000, 0x00000000d8800000, 0x0000000100000000)
  eden space 33280K, 0% used [0x00000000d5d80000,0x00000000d5d80000,0x00000000d7e00000)
  from space 5120K, 99% used [0x00000000d7e00000,0x00000000d82fa900,0x00000000d8300000)
  to   space 5120K, 0% used [0x00000000d8300000,0x00000000d8300000,0x00000000d8800000)
 ParOldGen       total 87552K, used 980K [0x0000000081800000, 0x0000000086d80000, 0x00000000d5d80000)
  object space 87552K, 1% used [0x0000000081800000,0x00000000818f5398,0x0000000086d80000)
 Metaspace       used 14667K, capacity 15168K, committed 15488K, reserved 1062912K
  class space    used 1949K, capacity 2110K, committed 2176K, reserved 1048576K
}
Event: 24.179 GC heap before
{Heap before GC invocations=4 (full 0):
 PSYoungGen      total 38400K, used 38378K [0x00000000d5d80000, 0x00000000d8800000, 0x0000000100000000)
  eden space 33280K, 100% used [0x00000000d5d80000,0x00000000d7e00000,0x00000000d7e00000)
  from space 5120K, 99% used [0x00000000d7e00000,0x00000000d82fa900,0x00000000d8300000)
  to   space 5120K, 0% used [0x00000000d8300000,0x00000000d8300000,0x00000000d8800000)
 ParOldGen       total 87552K, used 980K [0x0000000081800000, 0x0000000086d80000, 0x00000000d5d80000)
  object space 87552K, 1% used [0x0000000081800000,0x00000000818f5398,0x0000000086d80000)
 Metaspace       used 17280K, capacity 18024K, committed 18176K, reserved 1064960K
  class space    used 2310K, capacity 2508K, committed 2560K, reserved 1048576K
Event: 24.190 GC heap after
Heap after GC invocations=4 (full 0):
 PSYoungGen      total 38400K, used 5116K [0x00000000d5d80000, 0x00000000d8800000, 0x0000000100000000)
  eden space 33280K, 0% used [0x00000000d5d80000,0x00000000d5d80000,0x00000000d7e00000)
  from space 5120K, 99% used [0x00000000d8300000,0x00000000d87ff1c0,0x00000000d8800000)
  to   space 5120K, 0% used [0x00000000d7e00000,0x00000000d7e00000,0x00000000d8300000)
 ParOldGen       total 87552K, used 3086K [0x0000000081800000, 0x0000000086d80000, 0x00000000d5d80000)
  object space 87552K, 3% used [0x0000000081800000,0x0000000081b038b8,0x0000000086d80000)
 Metaspace       used 17280K, capacity 18024K, committed 18176K, reserved 1064960K
  class space    used 2310K, capacity 2508K, committed 2560K, reserved 1048576K
}
Event: 29.940 GC heap before
{Heap before GC invocations=5 (full 0):
 PSYoungGen      total 38400K, used 38396K [0x00000000d5d80000, 0x00000000d8800000, 0x0000000100000000)
  eden space 33280K, 100% used [0x00000000d5d80000,0x00000000d7e00000,0x00000000d7e00000)
  from space 5120K, 99% used [0x00000000d8300000,0x00000000d87ff1c0,0x00000000d8800000)
  to   space 5120K, 0% used [0x00000000d7e00000,0x00000000d7e00000,0x00000000d8300000)
 ParOldGen       total 87552K, used 3086K [0x0000000081800000, 0x0000000086d80000, 0x00000000d5d80000)
  object space 87552K, 3% used [0x0000000081800000,0x0000000081b038b8,0x0000000086d80000)
 Metaspace       used 20224K, capacity 21140K, committed 21248K, reserved 1067008K
  class space    used 2756K, capacity 2990K, committed 3072K, reserved 1048576K
Event: 29.952 GC heap after
Heap after GC invocations=5 (full 0):
 PSYoungGen      total 37888K, used 5116K [0x00000000d5d80000, 0x00000000d9180000, 0x0000000100000000)
  eden space 32768K, 0% used [0x00000000d5d80000,0x00000000d5d80000,0x00000000d7d80000)
  from space 5120K, 99% used [0x00000000d7e00000,0x00000000d82ff1c0,0x00000000d8300000)
  to   space 10240K, 0% used [0x00000000d8780000,0x00000000d8780000,0x00000000d9180000)
 ParOldGen       total 87552K, used 7445K [0x0000000081800000, 0x0000000086d80000, 0x00000000d5d80000)
  object space 87552K, 8% used [0x0000000081800000,0x0000000081f45460,0x0000000086d80000)
 Metaspace       used 20224K, capacity 21140K, committed 21248K, reserved 1067008K
  class space    used 2756K, capacity 2990K, committed 3072K, reserved 1048576K
}
Event: 29.952 GC heap before
{Heap before GC invocations=6 (full 1):
 PSYoungGen      total 37888K, used 5116K [0x00000000d5d80000, 0x00000000d9180000, 0x0000000100000000)
  eden space 32768K, 0% used [0x00000000d5d80000,0x00000000d5d80000,0x00000000d7d80000)
  from space 5120K, 99% used [0x00000000d7e00000,0x00000000d82ff1c0,0x00000000d8300000)
  to   space 10240K, 0% used [0x00000000d8780000,0x00000000d8780000,0x00000000d9180000)
 ParOldGen       total 87552K, used 7445K [0x0000000081800000, 0x0000000086d80000, 0x00000000d5d80000)
  object space 87552K, 8% used [0x0000000081800000,0x0000000081f45460,0x0000000086d80000)
 Metaspace       used 20224K, capacity 21140K, committed 21248K, reserved 1067008K
  class space    used 2756K, capacity 2990K, committed 3072K, reserved 1048576K
Event: 30.023 GC heap after
Heap after GC invocations=6 (full 1):
 PSYoungGen      total 37888K, used 0K [0x00000000d5d80000, 0x00000000d9180000, 0x0000000100000000)
  eden space 32768K, 0% used [0x00000000d5d80000,0x00000000d5d80000,0x00000000d7d80000)
  from space 5120K, 0% used [0x00000000d7e00000,0x00000000d7e00000,0x00000000d8300000)
  to   space 10240K, 0% used [0x00000000d8780000,0x00000000d8780000,0x00000000d9180000)
 ParOldGen       total 47104K, used 9703K [0x0000000081800000, 0x0000000084600000, 0x00000000d5d80000)
  object space 47104K, 20% used [0x0000000081800000,0x0000000082179fb0,0x0000000084600000)
 Metaspace       used 20223K, capacity 21134K, committed 21248K, reserved 1067008K
  class space    used 2756K, capacity 2989K, committed 3072K, reserved 1048576K
}
Event: 31.981 GC heap before
{Heap before GC invocations=7 (full 1):
 PSYoungGen      total 37888K, used 32768K [0x00000000d5d80000, 0x00000000d9180000, 0x0000000100000000)
  eden space 32768K, 100% used [0x00000000d5d80000,0x00000000d7d80000,0x00000000d7d80000)
  from space 5120K, 0% used [0x00000000d7e00000,0x00000000d7e00000,0x00000000d8300000)
  to   space 10240K, 0% used [0x00000000d8780000,0x00000000d8780000,0x00000000d9180000)
 ParOldGen       total 47104K, used 9703K [0x0000000081800000, 0x0000000084600000, 0x00000000d5d80000)
  object space 47104K, 20% used [0x0000000081800000,0x0000000082179fb0,0x0000000084600000)
 Metaspace       used 23077K, capacity 24194K, committed 24576K, reserved 1071104K
  class space    used 3241K, capacity 3481K, committed 3584K, reserved 1048576K
Event: 31.988 GC heap after
Heap after GC invocations=7 (full 1):
 PSYoungGen      total 41984K, used 3682K [0x00000000d5d80000, 0x00000000d9100000, 0x0000000100000000)
  eden space 32256K, 0% used [0x00000000d5d80000,0x00000000d5d80000,0x00000000d7d00000)
  from space 9728K, 37% used [0x00000000d8780000,0x00000000d8b18808,0x00000000d9100000)
  to   space 10240K, 0% used [0x00000000d7d00000,0x00000000d7d00000,0x00000000d8700000)
 ParOldGen       total 47104K, used 9711K [0x0000000081800000, 0x0000000084600000, 0x00000000d5d80000)
  object space 47104K, 20% used [0x0000000081800000,0x000000008217bfb0,0x0000000084600000)
 Metaspace       used 23077K, capacity 24194K, committed 24576K, reserved 1071104K
  class space    used 3241K, capacity 3481K, committed 3584K, reserved 1048576K
}

